<?xml version="1.0" encoding="UTF-8"?>
<!-- Generated by org.testng.reporters.JUnitXMLReporter -->
<testsuite ignored="0" hostname="LAPTOP-UJTRFUEE" failures="0" tests="10" name="Default test" time="270.726" errors="0" timestamp="2022-01-18T15:53:21 IST">
  <testcase classname="runner.WebApp" name="test1" time="1.129"/>
  <testcase classname="runner.WebApp" name="test2" time="6.253"/>
  <testcase classname="runner.WebApp" name="test3" time="2.863"/>
  <testcase classname="runner.WebApp" name="test4" time="6.586"/>
  <testcase classname="runner.WebApp" name="test5" time="12.677"/>
  <testcase classname="runner.WebApp" name="test6" time="15.099"/>
  <testcase classname="runner.WebApp" name="test7" time="23.345"/>
  <testcase classname="runner.WebApp" name="test8" time="17.86"/>
  <testcase classname="runner.WebApp" name="test9" time="23.857"/>
  <testcase classname="runner.WebApp" name="test10" time="13.94"/>
</testsuite> <!-- Default test -->
