<?xml version="1.0" encoding="UTF-8"?>
<testng-results ignored="0" total="10" passed="10" failed="0" skipped="0">
  <reporter-output>
  </reporter-output>
  <suite started-at="2022-01-18T15:48:51 IST" name="Default suite" finished-at="2022-01-18T15:53:21 IST" duration-ms="270726">
    <groups>
    </groups>
    <test started-at="2022-01-18T15:48:51 IST" name="Default test" finished-at="2022-01-18T15:53:21 IST" duration-ms="270726">
      <class name="runner.WebApp">
        <test-method is-config="true" signature="Before()[pri:0, instance:runner.WebApp@73eb439a]" started-at="2022-01-18T15:48:51 IST" name="Before" finished-at="2022-01-18T15:49:11 IST" duration-ms="20165" status="PASS">
          <reporter-output>
          </reporter-output>
        </test-method> <!-- Before -->
        <test-method signature="test1()[pri:1, instance:runner.WebApp@73eb439a]" started-at="2022-01-18T15:49:11 IST" name="test1" finished-at="2022-01-18T15:49:12 IST" duration-ms="1129" status="PASS">
          <reporter-output>
          </reporter-output>
        </test-method> <!-- test1 -->
        <test-method is-config="true" signature="After()[pri:0, instance:runner.WebApp@73eb439a]" started-at="2022-01-18T15:49:12 IST" name="After" finished-at="2022-01-18T15:49:14 IST" duration-ms="1536" status="PASS">
          <reporter-output>
          </reporter-output>
        </test-method> <!-- After -->
        <test-method is-config="true" signature="Before()[pri:0, instance:runner.WebApp@73eb439a]" started-at="2022-01-18T15:49:14 IST" name="Before" finished-at="2022-01-18T15:49:28 IST" duration-ms="13921" status="PASS">
          <reporter-output>
          </reporter-output>
        </test-method> <!-- Before -->
        <test-method signature="test2()[pri:2, instance:runner.WebApp@73eb439a]" started-at="2022-01-18T15:49:28 IST" name="test2" finished-at="2022-01-18T15:49:34 IST" duration-ms="6253" status="PASS">
          <reporter-output>
          </reporter-output>
        </test-method> <!-- test2 -->
        <test-method is-config="true" signature="After()[pri:0, instance:runner.WebApp@73eb439a]" started-at="2022-01-18T15:49:34 IST" name="After" finished-at="2022-01-18T15:49:36 IST" duration-ms="1541" status="PASS">
          <reporter-output>
          </reporter-output>
        </test-method> <!-- After -->
        <test-method is-config="true" signature="Before()[pri:0, instance:runner.WebApp@73eb439a]" started-at="2022-01-18T15:49:36 IST" name="Before" finished-at="2022-01-18T15:49:49 IST" duration-ms="13204" status="PASS">
          <reporter-output>
          </reporter-output>
        </test-method> <!-- Before -->
        <test-method signature="test3()[pri:3, instance:runner.WebApp@73eb439a]" started-at="2022-01-18T15:49:49 IST" name="test3" finished-at="2022-01-18T15:49:52 IST" duration-ms="2863" status="PASS">
          <reporter-output>
          </reporter-output>
        </test-method> <!-- test3 -->
        <test-method is-config="true" signature="After()[pri:0, instance:runner.WebApp@73eb439a]" started-at="2022-01-18T15:49:52 IST" name="After" finished-at="2022-01-18T15:49:53 IST" duration-ms="1593" status="PASS">
          <reporter-output>
          </reporter-output>
        </test-method> <!-- After -->
        <test-method is-config="true" signature="Before()[pri:0, instance:runner.WebApp@73eb439a]" started-at="2022-01-18T15:49:53 IST" name="Before" finished-at="2022-01-18T15:50:07 IST" duration-ms="13635" status="PASS">
          <reporter-output>
          </reporter-output>
        </test-method> <!-- Before -->
        <test-method signature="test4()[pri:4, instance:runner.WebApp@73eb439a]" started-at="2022-01-18T15:50:07 IST" name="test4" finished-at="2022-01-18T15:50:13 IST" duration-ms="6586" status="PASS">
          <reporter-output>
          </reporter-output>
        </test-method> <!-- test4 -->
        <test-method is-config="true" signature="After()[pri:0, instance:runner.WebApp@73eb439a]" started-at="2022-01-18T15:50:13 IST" name="After" finished-at="2022-01-18T15:50:15 IST" duration-ms="1609" status="PASS">
          <reporter-output>
          </reporter-output>
        </test-method> <!-- After -->
        <test-method is-config="true" signature="Before()[pri:0, instance:runner.WebApp@73eb439a]" started-at="2022-01-18T15:50:15 IST" name="Before" finished-at="2022-01-18T15:50:27 IST" duration-ms="12451" status="PASS">
          <reporter-output>
          </reporter-output>
        </test-method> <!-- Before -->
        <test-method signature="test5()[pri:5, instance:runner.WebApp@73eb439a]" started-at="2022-01-18T15:50:27 IST" name="test5" finished-at="2022-01-18T15:50:40 IST" duration-ms="12677" status="PASS">
          <reporter-output>
          </reporter-output>
        </test-method> <!-- test5 -->
        <test-method is-config="true" signature="After()[pri:0, instance:runner.WebApp@73eb439a]" started-at="2022-01-18T15:50:40 IST" name="After" finished-at="2022-01-18T15:50:42 IST" duration-ms="1409" status="PASS">
          <reporter-output>
          </reporter-output>
        </test-method> <!-- After -->
        <test-method is-config="true" signature="Before()[pri:0, instance:runner.WebApp@73eb439a]" started-at="2022-01-18T15:50:42 IST" name="Before" finished-at="2022-01-18T15:50:54 IST" duration-ms="12219" status="PASS">
          <reporter-output>
          </reporter-output>
        </test-method> <!-- Before -->
        <test-method signature="test6()[pri:6, instance:runner.WebApp@73eb439a]" started-at="2022-01-18T15:50:54 IST" name="test6" finished-at="2022-01-18T15:51:09 IST" duration-ms="15099" status="PASS">
          <reporter-output>
          </reporter-output>
        </test-method> <!-- test6 -->
        <test-method is-config="true" signature="After()[pri:0, instance:runner.WebApp@73eb439a]" started-at="2022-01-18T15:51:09 IST" name="After" finished-at="2022-01-18T15:51:10 IST" duration-ms="825" status="PASS">
          <reporter-output>
          </reporter-output>
        </test-method> <!-- After -->
        <test-method is-config="true" signature="Before()[pri:0, instance:runner.WebApp@73eb439a]" started-at="2022-01-18T15:51:10 IST" name="Before" finished-at="2022-01-18T15:51:22 IST" duration-ms="12396" status="PASS">
          <reporter-output>
          </reporter-output>
        </test-method> <!-- Before -->
        <test-method signature="test7()[pri:7, instance:runner.WebApp@73eb439a]" started-at="2022-01-18T15:51:22 IST" name="test7" finished-at="2022-01-18T15:51:45 IST" duration-ms="23345" status="PASS">
          <reporter-output>
          </reporter-output>
        </test-method> <!-- test7 -->
        <test-method is-config="true" signature="After()[pri:0, instance:runner.WebApp@73eb439a]" started-at="2022-01-18T15:51:45 IST" name="After" finished-at="2022-01-18T15:51:46 IST" duration-ms="1045" status="PASS">
          <reporter-output>
          </reporter-output>
        </test-method> <!-- After -->
        <test-method is-config="true" signature="Before()[pri:0, instance:runner.WebApp@73eb439a]" started-at="2022-01-18T15:51:46 IST" name="Before" finished-at="2022-01-18T15:51:58 IST" duration-ms="11140" status="PASS">
          <reporter-output>
          </reporter-output>
        </test-method> <!-- Before -->
        <test-method signature="test8()[pri:8, instance:runner.WebApp@73eb439a]" started-at="2022-01-18T15:51:58 IST" name="test8" finished-at="2022-01-18T15:52:15 IST" duration-ms="17860" status="PASS">
          <reporter-output>
          </reporter-output>
        </test-method> <!-- test8 -->
        <test-method is-config="true" signature="After()[pri:0, instance:runner.WebApp@73eb439a]" started-at="2022-01-18T15:52:16 IST" name="After" finished-at="2022-01-18T15:52:17 IST" duration-ms="1017" status="PASS">
          <reporter-output>
          </reporter-output>
        </test-method> <!-- After -->
        <test-method is-config="true" signature="Before()[pri:0, instance:runner.WebApp@73eb439a]" started-at="2022-01-18T15:52:17 IST" name="Before" finished-at="2022-01-18T15:52:28 IST" duration-ms="11897" status="PASS">
          <reporter-output>
          </reporter-output>
        </test-method> <!-- Before -->
        <test-method signature="test9()[pri:9, instance:runner.WebApp@73eb439a]" started-at="2022-01-18T15:52:28 IST" name="test9" finished-at="2022-01-18T15:52:52 IST" duration-ms="23857" status="PASS">
          <reporter-output>
          </reporter-output>
        </test-method> <!-- test9 -->
        <test-method is-config="true" signature="After()[pri:0, instance:runner.WebApp@73eb439a]" started-at="2022-01-18T15:52:52 IST" name="After" finished-at="2022-01-18T15:52:53 IST" duration-ms="1130" status="PASS">
          <reporter-output>
          </reporter-output>
        </test-method> <!-- After -->
        <test-method is-config="true" signature="Before()[pri:0, instance:runner.WebApp@73eb439a]" started-at="2022-01-18T15:52:53 IST" name="Before" finished-at="2022-01-18T15:53:06 IST" duration-ms="12661" status="PASS">
          <reporter-output>
          </reporter-output>
        </test-method> <!-- Before -->
        <test-method signature="test10()[pri:10, instance:runner.WebApp@73eb439a]" started-at="2022-01-18T15:53:06 IST" name="test10" finished-at="2022-01-18T15:53:20 IST" duration-ms="13940" status="PASS">
          <reporter-output>
          </reporter-output>
        </test-method> <!-- test10 -->
        <test-method is-config="true" signature="After()[pri:0, instance:runner.WebApp@73eb439a]" started-at="2022-01-18T15:53:20 IST" name="After" finished-at="2022-01-18T15:53:21 IST" duration-ms="1393" status="PASS">
          <reporter-output>
          </reporter-output>
        </test-method> <!-- After -->
        <test-method is-config="true" signature="flush()[pri:0, instance:runner.WebApp@73eb439a]" started-at="2022-01-18T15:53:21 IST" name="flush" finished-at="2022-01-18T15:53:23 IST" duration-ms="1814" status="PASS">
          <reporter-output>
          </reporter-output>
        </test-method> <!-- flush -->
      </class> <!-- runner.WebApp -->
    </test> <!-- Default test -->
  </suite> <!-- Default suite -->
</testng-results>
